[2020-05-28 12:38:20.249] [exthost] [info] extension host started
[2020-05-28 12:38:21.230] [exthost] [info] ExtensionService#_doActivateExtension vscode.debug-auto-launch {"startup":true,"extensionId":{"value":"vscode.debug-auto-launch","_lower":"vscode.debug-auto-launch"},"activationEvent":"*"}
[2020-05-28 12:38:21.231] [exthost] [info] ExtensionService#loadCommonJSModule file:///snap/code/33/usr/share/code/resources/app/extensions/debug-auto-launch/dist/extension
[2020-05-28 12:38:21.549] [exthost] [info] ExtensionService#_doActivateExtension vscode.emmet {"startup":true,"extensionId":{"value":"vscode.emmet","_lower":"vscode.emmet"},"activationEvent":"*"}
[2020-05-28 12:38:21.549] [exthost] [info] ExtensionService#loadCommonJSModule file:///snap/code/33/usr/share/code/resources/app/extensions/emmet/dist/extension
[2020-05-28 12:38:22.276] [exthost] [info] ExtensionService#_doActivateExtension vscode.git {"startup":true,"extensionId":{"value":"vscode.git","_lower":"vscode.git"},"activationEvent":"*"}
[2020-05-28 12:38:22.276] [exthost] [info] ExtensionService#loadCommonJSModule file:///snap/code/33/usr/share/code/resources/app/extensions/git/dist/main
[2020-05-28 12:38:22.842] [exthost] [info] ExtensionService#_doActivateExtension vscode.github-authentication {"startup":true,"extensionId":{"value":"vscode.github-authentication","_lower":"vscode.github-authentication"},"activationEvent":"*"}
[2020-05-28 12:38:22.842] [exthost] [info] ExtensionService#loadCommonJSModule file:///snap/code/33/usr/share/code/resources/app/extensions/github-authentication/dist/extension.js
[2020-05-28 12:38:22.869] [exthost] [info] ExtensionService#_doActivateExtension vscode.merge-conflict {"startup":true,"extensionId":{"value":"vscode.merge-conflict","_lower":"vscode.merge-conflict"},"activationEvent":"*"}
[2020-05-28 12:38:22.869] [exthost] [info] ExtensionService#loadCommonJSModule file:///snap/code/33/usr/share/code/resources/app/extensions/merge-conflict/dist/extension
[2020-05-28 12:38:22.962] [exthost] [info] ExtensionService#_doActivateExtension vscode.search-result {"startup":true,"extensionId":{"value":"vscode.search-result","_lower":"vscode.search-result"},"activationEvent":"*"}
[2020-05-28 12:38:22.962] [exthost] [info] ExtensionService#loadCommonJSModule file:///snap/code/33/usr/share/code/resources/app/extensions/search-result/dist/extension.js
[2020-05-28 12:38:22.965] [exthost] [info] ExtensionService#_doActivateExtension vscode.vscode-account {"startup":true,"extensionId":{"value":"vscode.vscode-account","_lower":"vscode.vscode-account"},"activationEvent":"*"}
[2020-05-28 12:38:22.966] [exthost] [info] ExtensionService#loadCommonJSModule file:///snap/code/33/usr/share/code/resources/app/extensions/vscode-account/dist/extension.js
[2020-05-28 12:38:23.520] [exthost] [info] ExtensionService#_doActivateExtension Equinusocio.vsc-material-theme {"startup":true,"extensionId":{"value":"Equinusocio.vsc-material-theme","_lower":"equinusocio.vsc-material-theme"},"activationEvent":"*"}
[2020-05-28 12:38:23.520] [exthost] [info] ExtensionService#loadCommonJSModule file:///root/.vscode/extensions/equinusocio.vsc-material-theme-32.6.0/build/material.theme.config
[2020-05-28 12:38:24.324] [exthost] [info] ExtensionService#_doActivateExtension equinusocio.vsc-material-theme-icons {"startup":true,"extensionId":{"value":"equinusocio.vsc-material-theme-icons","_lower":"equinusocio.vsc-material-theme-icons"},"activationEvent":"*"}
[2020-05-28 12:38:24.325] [exthost] [info] ExtensionService#loadCommonJSModule file:///root/.vscode/extensions/equinusocio.vsc-material-theme-icons-1.1.4/out/src/extension
[2020-05-28 12:38:26.171] [exthost] [info] ExtensionService#_doActivateExtension PKief.material-icon-theme {"startup":true,"extensionId":{"value":"PKief.material-icon-theme","_lower":"pkief.material-icon-theme"},"activationEvent":"*"}
[2020-05-28 12:38:26.171] [exthost] [info] ExtensionService#loadCommonJSModule file:///root/.vscode/extensions/pkief.material-icon-theme-4.1.0/dist/extension
[2020-05-28 12:38:26.476] [exthost] [info] ExtensionService#_doActivateExtension zhuangtongfa.material-theme {"startup":true,"extensionId":{"value":"zhuangtongfa.material-theme","_lower":"zhuangtongfa.material-theme"},"activationEvent":"*"}
[2020-05-28 12:38:26.476] [exthost] [info] ExtensionService#loadCommonJSModule file:///root/.vscode/extensions/zhuangtongfa.material-theme-3.7.1/out/extension.js
[2020-05-28 12:38:28.496] [exthost] [info] eager extensions activated
[2020-05-28 12:38:59.699] [exthost] [info] extension host started
[2020-05-28 12:38:59.751] [exthost] [info] ExtensionService#_doActivateExtension vscode.debug-auto-launch {"startup":true,"extensionId":{"value":"vscode.debug-auto-launch","_lower":"vscode.debug-auto-launch"},"activationEvent":"*"}
[2020-05-28 12:38:59.751] [exthost] [info] ExtensionService#loadCommonJSModule file:///snap/code/33/usr/share/code/resources/app/extensions/debug-auto-launch/dist/extension
[2020-05-28 12:38:59.762] [exthost] [info] ExtensionService#_doActivateExtension vscode.emmet {"startup":true,"extensionId":{"value":"vscode.emmet","_lower":"vscode.emmet"},"activationEvent":"*"}
[2020-05-28 12:38:59.762] [exthost] [info] ExtensionService#loadCommonJSModule file:///snap/code/33/usr/share/code/resources/app/extensions/emmet/dist/extension
[2020-05-28 12:38:59.804] [exthost] [info] ExtensionService#_doActivateExtension vscode.git {"startup":true,"extensionId":{"value":"vscode.git","_lower":"vscode.git"},"activationEvent":"*"}
[2020-05-28 12:38:59.805] [exthost] [info] ExtensionService#loadCommonJSModule file:///snap/code/33/usr/share/code/resources/app/extensions/git/dist/main
[2020-05-28 12:38:59.885] [exthost] [info] ExtensionService#_doActivateExtension vscode.github-authentication {"startup":true,"extensionId":{"value":"vscode.github-authentication","_lower":"vscode.github-authentication"},"activationEvent":"*"}
[2020-05-28 12:38:59.885] [exthost] [info] ExtensionService#loadCommonJSModule file:///snap/code/33/usr/share/code/resources/app/extensions/github-authentication/dist/extension.js
[2020-05-28 12:38:59.894] [exthost] [info] ExtensionService#_doActivateExtension vscode.merge-conflict {"startup":true,"extensionId":{"value":"vscode.merge-conflict","_lower":"vscode.merge-conflict"},"activationEvent":"*"}
[2020-05-28 12:38:59.894] [exthost] [info] ExtensionService#loadCommonJSModule file:///snap/code/33/usr/share/code/resources/app/extensions/merge-conflict/dist/extension
[2020-05-28 12:38:59.897] [exthost] [info] ExtensionService#_doActivateExtension vscode.search-result {"startup":true,"extensionId":{"value":"vscode.search-result","_lower":"vscode.search-result"},"activationEvent":"*"}
[2020-05-28 12:38:59.897] [exthost] [info] ExtensionService#loadCommonJSModule file:///snap/code/33/usr/share/code/resources/app/extensions/search-result/dist/extension.js
[2020-05-28 12:38:59.899] [exthost] [info] ExtensionService#_doActivateExtension vscode.vscode-account {"startup":true,"extensionId":{"value":"vscode.vscode-account","_lower":"vscode.vscode-account"},"activationEvent":"*"}
[2020-05-28 12:38:59.899] [exthost] [info] ExtensionService#loadCommonJSModule file:///snap/code/33/usr/share/code/resources/app/extensions/vscode-account/dist/extension.js
[2020-05-28 12:38:59.906] [exthost] [info] ExtensionService#_doActivateExtension Equinusocio.vsc-material-theme {"startup":true,"extensionId":{"value":"Equinusocio.vsc-material-theme","_lower":"equinusocio.vsc-material-theme"},"activationEvent":"*"}
[2020-05-28 12:38:59.907] [exthost] [info] ExtensionService#loadCommonJSModule file:///root/.vscode/extensions/equinusocio.vsc-material-theme-32.6.0/build/material.theme.config
[2020-05-28 12:38:59.919] [exthost] [info] ExtensionService#_doActivateExtension equinusocio.vsc-material-theme-icons {"startup":true,"extensionId":{"value":"equinusocio.vsc-material-theme-icons","_lower":"equinusocio.vsc-material-theme-icons"},"activationEvent":"*"}
[2020-05-28 12:38:59.919] [exthost] [info] ExtensionService#loadCommonJSModule file:///root/.vscode/extensions/equinusocio.vsc-material-theme-icons-1.1.4/out/src/extension
[2020-05-28 12:38:59.935] [exthost] [info] ExtensionService#_doActivateExtension PKief.material-icon-theme {"startup":true,"extensionId":{"value":"PKief.material-icon-theme","_lower":"pkief.material-icon-theme"},"activationEvent":"*"}
[2020-05-28 12:38:59.935] [exthost] [info] ExtensionService#loadCommonJSModule file:///root/.vscode/extensions/pkief.material-icon-theme-4.1.0/dist/extension
[2020-05-28 12:38:59.944] [exthost] [info] ExtensionService#_doActivateExtension zhuangtongfa.material-theme {"startup":true,"extensionId":{"value":"zhuangtongfa.material-theme","_lower":"zhuangtongfa.material-theme"},"activationEvent":"*"}
[2020-05-28 12:38:59.944] [exthost] [info] ExtensionService#loadCommonJSModule file:///root/.vscode/extensions/zhuangtongfa.material-theme-3.7.1/out/extension.js
[2020-05-28 12:38:59.982] [exthost] [info] eager extensions activated
[2020-05-28 12:39:50.859] [exthost] [info] ExtensionService#_doActivateExtension vscode.php-language-features {"startup":false,"extensionId":{"value":"vscode.php-language-features","_lower":"vscode.php-language-features"},"activationEvent":"onLanguage:php"}
[2020-05-28 12:39:50.859] [exthost] [info] ExtensionService#loadCommonJSModule file:///snap/code/33/usr/share/code/resources/app/extensions/php-language-features/dist/phpMain
[2020-05-28 12:39:55.358] [exthost] [info] ExtensionService#_doActivateExtension vscode.configuration-editing {"startup":false,"extensionId":{"value":"vscode.configuration-editing","_lower":"vscode.configuration-editing"},"activationEvent":"onLanguage:jsonc"}
[2020-05-28 12:39:55.358] [exthost] [info] ExtensionService#loadCommonJSModule file:///snap/code/33/usr/share/code/resources/app/extensions/configuration-editing/dist/extension
[2020-05-28 12:39:55.374] [exthost] [info] ExtensionService#_doActivateExtension vscode.json-language-features {"startup":false,"extensionId":{"value":"vscode.json-language-features","_lower":"vscode.json-language-features"},"activationEvent":"onLanguage:jsonc"}
[2020-05-28 12:39:55.374] [exthost] [info] ExtensionService#loadCommonJSModule file:///snap/code/33/usr/share/code/resources/app/extensions/json-language-features/client/dist/jsonMain
[2020-05-28 12:39:55.468] [exthost] [info] ExtensionService#_doActivateExtension vscode.typescript-language-features {"startup":false,"extensionId":{"value":"vscode.typescript-language-features","_lower":"vscode.typescript-language-features"},"activationEvent":"onLanguage:jsonc"}
[2020-05-28 12:39:55.468] [exthost] [info] ExtensionService#loadCommonJSModule file:///snap/code/33/usr/share/code/resources/app/extensions/typescript-language-features/dist/extension
